[debug] [2025-05-15T13:12:29.427Z] ----------------------------------------------------------------------
[debug] [2025-05-15T13:12:29.433Z] Command:       /usr/local/bin/node /usr/local/bin/firebase init
[debug] [2025-05-15T13:12:29.433Z] CLI Version:   14.3.1
[debug] [2025-05-15T13:12:29.433Z] Platform:      darwin
[debug] [2025-05-15T13:12:29.433Z] Node Version:  v22.12.0
[debug] [2025-05-15T13:12:29.433Z] Time:          Thu May 15 2025 18:42:29 GMT+0530 (India Standard Time)
[debug] [2025-05-15T13:12:29.433Z] ----------------------------------------------------------------------
[debug] 
[debug] [2025-05-15T13:12:29.535Z] > command requires scopes: ["email","openid","https://www.googleapis.com/auth/cloudplatformprojects.readonly","https://www.googleapis.com/auth/firebase","https://www.googleapis.com/auth/cloud-platform"]
[debug] [2025-05-15T13:12:29.535Z] > authorizing via signed-in user (satan.awesome2000@gmail.com)
[info] 
     ######## #### ########  ######## ########     ###     ######  ########
     ##        ##  ##     ## ##       ##     ##  ##   ##  ##       ##
     ######    ##  ########  ######   ########  #########  ######  ######
     ##        ##  ##    ##  ##       ##     ## ##     ##       ## ##
     ##       #### ##     ## ######## ########  ##     ##  ######  ########

You're about to initialize a Firebase project in this directory:

  /Users/soumya/Documents/GitHub/CSV-to-Docs

Before we get started, keep in mind:

  * You are initializing within an existing Firebase project directory

